<?xml version="1.0" encoding="UTF-8"?>
<!-- Generated by org.testng.reporters.JUnitReportReporter -->
<testsuite hostname="DESKTOP-ORSF96R" failures="0" tests="1" name="com.objectcomputing.assessment.prasad.testcases.TC02_SuveyApp_E2e_FireFox" time="99.597" errors="0" timestamp="2020-07-27T11:24:30 CDT" skipped="0">
  <testcase classname="com.objectcomputing.assessment.prasad.testcases.TC02_SuveyApp_E2e_FireFox" name="verifyHappyPathFireFox" time="99.597"/>
  <system-out/>
</testsuite> <!-- com.objectcomputing.assessment.prasad.testcases.TC02_SuveyApp_E2e_FireFox -->
