<?xml version="1.0" encoding="UTF-8"?>
<!-- Generated by org.testng.reporters.JUnitReportReporter -->
<testsuite hostname="DESKTOP-ORSF96R" failures="0" tests="1" name="com.objectcomputing.assessment.prasad.testcases.TC10_SurveyAppEmailVeriChromeTest" time="50.089" errors="0" timestamp="2020-07-27T10:50:05 CDT" skipped="0">
  <testcase classname="com.objectcomputing.assessment.prasad.testcases.TC10_SurveyAppEmailVeriChromeTest" name="SurveyAppEmailVerificationChromeTest" time="50.089"/>
  <system-out/>
</testsuite> <!-- com.objectcomputing.assessment.prasad.testcases.TC10_SurveyAppEmailVeriChromeTest -->
